<?xml version="1.0" encoding="UTF-8"?>
<testsuite xmlns:xsi="http://www.w3.org/2001/XMLSchema-instance" xsi:noNamespaceSchemaLocation="https://maven.apache.org/surefire/maven-surefire-plugin/xsd/surefire-test-report-3.0.xsd" version="3.0" name="calculator.CalculatorTest" time="0.775" tests="12" errors="0" skipped="0" failures="0">
  <properties>
[...]
</properties>
  <testcase name="testAddTwoPositiveNumbers" classname="calculator.CalculatorTest" time="0.121"/>
  <testcase name="multiply_shouldReturnTheProduct_ofTwo_integer" classname="calculator.CalculatorTest" time="0.007"/>
  <testcase name="multiplyBy_zeroShouldBe_returnZero(int)[1]" classname="calculator.CalculatorTest" time="0.023"/>
  <testcase name="multiplyBy_zeroShouldBe_returnZero(int)[2]" classname="calculator.CalculatorTest" time="0.001"/>
  <testcase name="multiplyBy_zeroShouldBe_returnZero(int)[3]" classname="calculator.CalculatorTest" time="0.001"/>
  <testcase name="multiplyBy_zeroShouldBe_returnZero(int)[4]" classname="calculator.CalculatorTest" time="0.001"/>
  <testcase name="multiplyBy_zeroShouldBe_returnZero(int)[5]" classname="calculator.CalculatorTest" time="0.001"/>
  <testcase name="divise_shouldReturnResult" classname="calculator.CalculatorTest" time="0.002"/>
  <testcase name="add_shouldReturnThe_sum_ofMultipleIntegers(int, int, int)[1]" classname="calculator.CalculatorTest" time="0.001"/>
  <testcase name="add_shouldReturnThe_sum_ofMultipleIntegers(int, int, int)[2]" classname="calculator.CalculatorTest" time="0.001"/>
  <testcase name="add_shouldReturnThe_sum_ofMultipleIntegers(int, int, int)[3]" classname="calculator.CalculatorTest" time="0"/>
  <testcase name="longCalcul_shouldComputeInLessThan1Sec" classname="calculator.CalculatorTest" time="0.507"/>
</testsuite>